[   29364ms] [LOG] [vite] server connection lost. Polling for restart... @ http://localhost:5173/@vite/client:864
[   34059ms] [ERROR] Failed to load resource: net::ERR_EMPTY_RESPONSE @ http://localhost:5173/skills/wiki-maintain-index/__data.json?x-sveltekit-invalidated=001:0
[   34059ms] [WARNING] The next HMR update will cause the page to reload @ http://localhost:5173/node_modules/@sveltejs/kit/src/runtime/client/client.js?v=4998f7f4:3298
[   34059ms] [ERROR] TypeError: Failed to fetch
    at window.fetch (http://localhost:5173/node_modules/@sveltejs/kit/src/runtime/client/fetcher.js?v=4998f7f4:66:10)
    at dev_fetch (http://localhost:5173/node_modules/@sveltejs/kit/src/runtime/client/fetcher.js?v=4998f7f4:149:16)
    at load_data (http://localhost:5173/node_modules/@sveltejs/kit/src/runtime/client/client.js?v=4998f7f4:2972:20)
    at load_route (http://localhost:5173/node_modules/@sveltejs/kit/src/runtime/client/client.js?v=4998f7f4:1136:25)
    at _preload_data (http://localhost:5173/node_modules/@sveltejs/kit/src/runtime/client/client.js?v=4998f7f4:534:13)
    at preload (http://localhost:5173/node_modules/@sveltejs/kit/src/runtime/client/client.js?v=4998f7f4:2021:10) @ http://localhost:5173/@fs/Users/mtjmedia/PhpstormProjects/shellgate/.svelte-kit/generated/client/app.js:50
[   34060ms] [WARNING] Preloading data for /skills/wiki-maintain-index failed with the following error: Internal Error
If this error is transient, you can ignore it. Otherwise, consider disabling preloading for this route. This route was preloaded due to a data-sveltekit-preload-data attribute. See https://svelte.dev/docs/kit/link-options for more info @ http://localhost:5173/node_modules/@sveltejs/kit/src/runtime/client/client.js?v=4998f7f4:3298
[   34060ms] [ERROR] Failed to load resource: net::ERR_EMPTY_RESPONSE @ http://localhost:5173/.svelte-kit/generated/client/nodes/11.js:0
[   34288ms] [ERROR] Failed to load resource: net::ERR_EMPTY_RESPONSE @ http://localhost:5173/skills/wiki-maintain-index/__data.json?x-sveltekit-invalidated=001:0
[   34288ms] [WARNING] The next HMR update will cause the page to reload @ http://localhost:5173/node_modules/@sveltejs/kit/src/runtime/client/client.js?v=4998f7f4:3298
[   34288ms] [ERROR] TypeError: Failed to fetch
    at window.fetch (http://localhost:5173/node_modules/@sveltejs/kit/src/runtime/client/fetcher.js?v=4998f7f4:66:10)
    at dev_fetch (http://localhost:5173/node_modules/@sveltejs/kit/src/runtime/client/fetcher.js?v=4998f7f4:149:16)
    at load_data (http://localhost:5173/node_modules/@sveltejs/kit/src/runtime/client/client.js?v=4998f7f4:2972:20)
    at load_route (http://localhost:5173/node_modules/@sveltejs/kit/src/runtime/client/client.js?v=4998f7f4:1136:25)
    at navigate (http://localhost:5173/node_modules/@sveltejs/kit/src/runtime/client/client.js?v=4998f7f4:1642:43)
    at async HTMLHtmlElement.<anonymous> (http://localhost:5173/node_modules/@sveltejs/kit/src/runtime/client/client.js?v=4998f7f4:2666:3) @ http://localhost:5173/@fs/Users/mtjmedia/PhpstormProjects/shellgate/.svelte-kit/generated/client/app.js:50
[ 2007842ms] [ERROR] Failed to load resource: the server responded with a status of 404 (Not Found) @ http://localhost:5173/skills/wiki-maintain-index:0
